<?xml version="1.0" encoding="UTF-8"?>

<mule xmlns:assert-equals="http://www.mulesoft.org/schema/mule/assert-equals" xmlns="http://www.mulesoft.org/schema/mule/core" xmlns:munit="http://www.mulesoft.org/schema/mule/munit" xmlns:doc="http://www.mulesoft.org/schema/mule/documentation" xmlns:spring="http://www.springframework.org/schema/beans" xmlns:core="http://www.mulesoft.org/schema/mule/core" xmlns:xsi="http://www.w3.org/2001/XMLSchema-instance" xsi:schemaLocation="http://www.mulesoft.org/schema/mule/munit http://www.mulesoft.org/schema/mule/munit/current/mule-munit.xsd
http://www.springframework.org/schema/beans http://www.springframework.org/schema/beans/spring-beans-current.xsd
http://www.mulesoft.org/schema/mule/core http://www.mulesoft.org/schema/mule/core/current/mule.xsd
http://www.mulesoft.org/schema/mule/assert-equals http://www.mulesoft.org/schema/mule/assert-equals/current/mule-assert-equals.xsd">
    <munit:config name="munit" doc:name="MUnit configuration"/>
    <spring:beans>
        <spring:import resource="classpath:assert-equals-test-flow.xml"/>
    </spring:beans>
    <munit:test name="test-suite-assert-equals-test-flowTest" description="Test">
        <flow-ref name="assert-equals-test-flow" doc:name="Flow-ref to assert-equals-test-flow"/>
        <assert-equals:json actualValue="#[payload]" expectedValue="{&quot;album&quot;:{&quot;title&quot;:&quot;the bends&quot;,&quot;songs&quot;:[&quot;The bends&quot;,&quot;Fake plastic trees&quot;]},&quot;artist&quot;:&quot;radiohead&quot;}" doc:name="AssertEquals"/>
    </munit:test>
</mule>
